<?xml version="1.0" encoding="UTF-8"?>
<testsuite xmlns:xsi="http://www.w3.org/2001/XMLSchema-instance" xsi:noNamespaceSchemaLocation="https://maven.apache.org/surefire/maven-surefire-plugin/xsd/surefire-test-report.xsd" version="3.0.2" name="com.karrad.bilets.application.usecase.SellEventSeatsUseCaseTests" time="0.033" tests="2" errors="0" skipped="0" failures="0">
  <properties>
[...]
</properties>
  <testcase name="should reject sale when seat is not held" classname="com.karrad.bilets.application.usecase.SellEventSeatsUseCaseTests" time="0.002"/>
  <testcase name="should sell held seats" classname="com.karrad.bilets.application.usecase.SellEventSeatsUseCaseTests" time="0.002"/>
</testsuite>