<?xml version="1.0" encoding="UTF-8"?>
<testsuite xmlns:xsi="http://www.w3.org/2001/XMLSchema-instance" xsi:noNamespaceSchemaLocation="https://maven.apache.org/surefire/maven-surefire-plugin/xsd/surefire-test-report.xsd" version="3.0.2" name="com.karrad.bilets.web.ReadApiIntegrationTests" time="0.527" tests="2" errors="0" skipped="0" failures="0">
  <properties>
[...]
</properties>
  <testcase name="should expose list and get endpoints for current domain entities" classname="com.karrad.bilets.web.ReadApiIntegrationTests" time="0.089">
    <system-out><![CDATA[2026-03-23T11:22:22.468+05:00  INFO 11216 --- [bilets] [           main] t.c.s.AnnotationConfigContextLoaderUtils : Could not detect default configuration classes for test class [com.karrad.bilets.web.ReadApiIntegrationTests]: ReadApiIntegrationTests does not declare any static, non-private, non-final, nested classes annotated with @Configuration.
2026-03-23T11:22:22.470+05:00  INFO 11216 --- [bilets] [           main] .b.t.c.SpringBootTestContextBootstrapper : Found @SpringBootConfiguration com.karrad.bilets.BiletsApplication for test class com.karrad.bilets.web.ReadApiIntegrationTests

  .   ____          _            __ _ _
 /\\ / ___'_ __ _ _(_)_ __  __ _ \ \ \ \
( ( )\___ | '_ | '_| | '_ \/ _` | \ \ \ \
 \\/  ___)| |_)| | | | | || (_| |  ) ) ) )
  '  |____| .__|_| |_|_| |_\__, | / / / /
 =========|_|==============|___/=/_/_/_/

 :: Spring Boot ::                (v4.0.3)

2026-03-23T11:22:22.484+05:00  INFO 11216 --- [bilets] [           main] c.k.bilets.web.ReadApiIntegrationTests   : Starting ReadApiIntegrationTests using Java 26 with PID 11216 (started by karrad in /home/karrad/IdeaProjects/ticketsbackend)
2026-03-23T11:22:22.484+05:00  INFO 11216 --- [bilets] [           main] c.k.bilets.web.ReadApiIntegrationTests   : No active profile set, falling back to 1 default profile: "default"
2026-03-23T11:22:22.631+05:00  INFO 11216 --- [bilets] [           main] c.k.bilets.web.ReadApiIntegrationTests   : Started ReadApiIntegrationTests in 0.158 seconds (process running for 7.604)
2026-03-23T11:22:22.634+05:00  INFO 11216 --- [bilets] [           main] o.s.b.t.m.w.SpringBootMockServletContext : Initializing Spring TestDispatcherServlet ''
2026-03-23T11:22:22.634+05:00  INFO 11216 --- [bilets] [           main] o.s.t.web.servlet.TestDispatcherServlet  : Initializing Servlet ''
2026-03-23T11:22:22.635+05:00  INFO 11216 --- [bilets] [           main] o.s.t.web.servlet.TestDispatcherServlet  : Completed initialization in 1 ms
]]></system-out>
  </testcase>
  <testcase name="should return 404 for missing resources on read endpoints" classname="com.karrad.bilets.web.ReadApiIntegrationTests" time="0.025">
    <system-out><![CDATA[
  .   ____          _            __ _ _
 /\\ / ___'_ __ _ _(_)_ __  __ _ \ \ \ \
( ( )\___ | '_ | '_| | '_ \/ _` | \ \ \ \
 \\/  ___)| |_)| | | | | || (_| |  ) ) ) )
  '  |____| .__|_| |_|_| |_\__, | / / / /
 =========|_|==============|___/=/_/_/_/

 :: Spring Boot ::                (v4.0.3)

2026-03-23T11:22:22.736+05:00  INFO 11216 --- [bilets] [           main] c.k.bilets.web.ReadApiIntegrationTests   : Starting ReadApiIntegrationTests using Java 26 with PID 11216 (started by karrad in /home/karrad/IdeaProjects/ticketsbackend)
2026-03-23T11:22:22.736+05:00  INFO 11216 --- [bilets] [           main] c.k.bilets.web.ReadApiIntegrationTests   : No active profile set, falling back to 1 default profile: "default"
2026-03-23T11:22:22.966+05:00  INFO 11216 --- [bilets] [           main] c.k.bilets.web.ReadApiIntegrationTests   : Started ReadApiIntegrationTests in 0.242 seconds (process running for 7.939)
2026-03-23T11:22:22.969+05:00  INFO 11216 --- [bilets] [           main] o.s.b.t.m.w.SpringBootMockServletContext : Initializing Spring TestDispatcherServlet ''
2026-03-23T11:22:22.969+05:00  INFO 11216 --- [bilets] [           main] o.s.t.web.servlet.TestDispatcherServlet  : Initializing Servlet ''
2026-03-23T11:22:22.970+05:00  INFO 11216 --- [bilets] [           main] o.s.t.web.servlet.TestDispatcherServlet  : Completed initialization in 1 ms
]]></system-out>
  </testcase>
</testsuite>